2025-04-29 19:22:52 DEBUG POIXMLFactory:65 - using default POIXMLDocumentPart for http://schemas.openxmlformats.org/officeDocument/2006/relationships/printerSettings
2025-04-29 19:22:53 DEBUG PackageRelationshipCollection:307 - Parsing relationship: /xl/_rels/workbook.xml.rels
2025-04-29 19:22:53 DEBUG PackageRelationshipCollection:307 - Parsing relationship: /xl/worksheets/_rels/sheet1.xml.rels
2025-04-29 19:22:53 DEBUG PackageRelationshipCollection:307 - Parsing relationship: /_rels/.rels
2025-04-29 19:22:53 DEBUG POIXMLFactory:65 - using default POIXMLDocumentPart for http://schemas.openxmlformats.org/officeDocument/2006/relationships/printerSettings
2025-04-29 19:22:53 DEBUG PackageRelationshipCollection:307 - Parsing relationship: /xl/_rels/workbook.xml.rels
2025-04-29 19:22:53 DEBUG PackageRelationshipCollection:307 - Parsing relationship: /xl/worksheets/_rels/sheet1.xml.rels
2025-04-29 19:22:53 DEBUG PackageRelationshipCollection:307 - Parsing relationship: /_rels/.rels
2025-04-29 19:22:53 DEBUG POIXMLFactory:65 - using default POIXMLDocumentPart for http://schemas.openxmlformats.org/officeDocument/2006/relationships/printerSettings
2025-04-29 19:22:53 DEBUG PackageRelationshipCollection:307 - Parsing relationship: /xl/_rels/workbook.xml.rels
2025-04-29 19:22:53 DEBUG PackageRelationshipCollection:307 - Parsing relationship: /xl/worksheets/_rels/sheet1.xml.rels
2025-04-29 19:22:53 DEBUG PackageRelationshipCollection:307 - Parsing relationship: /_rels/.rels
2025-04-29 19:22:53 DEBUG POIXMLFactory:65 - using default POIXMLDocumentPart for http://schemas.openxmlformats.org/officeDocument/2006/relationships/printerSettings
2025-04-29 19:22:53 INFO  TC003_LoginDDT:43 - ****Starting TC003_LoginDDT****** 
2025-04-29 19:23:05 DEBUG PackageRelationshipCollection:307 - Parsing relationship: /xl/_rels/workbook.xml.rels
2025-04-29 19:23:05 DEBUG PackageRelationshipCollection:307 - Parsing relationship: /xl/worksheets/_rels/sheet1.xml.rels
2025-04-29 19:23:05 DEBUG PackageRelationshipCollection:307 - Parsing relationship: /_rels/.rels
2025-04-29 19:23:05 DEBUG POIXMLFactory:65 - using default POIXMLDocumentPart for http://schemas.openxmlformats.org/officeDocument/2006/relationships/printerSettings
2025-04-29 19:23:05 DEBUG ZipPackage:607 - Save content types part
2025-04-29 19:23:05 DEBUG ZipPackage:611 - Save package relationships
2025-04-29 19:23:05 DEBUG ZipPackage:625 - Save part 'docProps/app.xml'
2025-04-29 19:23:05 DEBUG ZipPackage:625 - Save part 'docProps/core.xml'
2025-04-29 19:23:05 DEBUG ZipPackage:625 - Save part 'xl/printerSettings/printerSettings1.bin'
2025-04-29 19:23:05 DEBUG ZipPackage:625 - Save part 'xl/sharedStrings.xml'
2025-04-29 19:23:05 DEBUG ZipPackage:625 - Save part 'xl/styles.xml'
2025-04-29 19:23:05 DEBUG ZipPackage:625 - Save part 'xl/theme/theme1.xml'
2025-04-29 19:23:05 DEBUG ZipPackage:625 - Save part 'xl/workbook.xml'
2025-04-29 19:23:05 DEBUG ZipPackage:625 - Save part 'xl/worksheets/sheet1.xml'
2025-04-29 19:23:05 INFO  TC003_LoginDDT:97 - ****Finished TC003_LoginDDT****** 
2025-04-29 19:23:05 DEBUG PackageRelationshipCollection:307 - Parsing relationship: /xl/_rels/workbook.xml.rels
2025-04-29 19:23:05 DEBUG PackageRelationshipCollection:307 - Parsing relationship: /xl/worksheets/_rels/sheet1.xml.rels
2025-04-29 19:23:05 DEBUG PackageRelationshipCollection:307 - Parsing relationship: /_rels/.rels
2025-04-29 19:23:05 DEBUG POIXMLFactory:65 - using default POIXMLDocumentPart for http://schemas.openxmlformats.org/officeDocument/2006/relationships/printerSettings
2025-04-29 19:23:05 DEBUG PackageRelationshipCollection:307 - Parsing relationship: /xl/_rels/workbook.xml.rels
2025-04-29 19:23:05 DEBUG PackageRelationshipCollection:307 - Parsing relationship: /xl/worksheets/_rels/sheet1.xml.rels
2025-04-29 19:23:05 DEBUG PackageRelationshipCollection:307 - Parsing relationship: /_rels/.rels
2025-04-29 19:23:05 DEBUG POIXMLFactory:65 - using default POIXMLDocumentPart for http://schemas.openxmlformats.org/officeDocument/2006/relationships/printerSettings
2025-04-29 19:23:05 DEBUG PackageRelationshipCollection:307 - Parsing relationship: /xl/_rels/workbook.xml.rels
2025-04-29 19:23:05 DEBUG PackageRelationshipCollection:307 - Parsing relationship: /xl/worksheets/_rels/sheet1.xml.rels
2025-04-29 19:23:05 DEBUG PackageRelationshipCollection:307 - Parsing relationship: /_rels/.rels
2025-04-29 19:23:05 DEBUG POIXMLFactory:65 - using default POIXMLDocumentPart for http://schemas.openxmlformats.org/officeDocument/2006/relationships/printerSettings
2025-04-29 19:23:05 DEBUG PackageRelationshipCollection:307 - Parsing relationship: /xl/_rels/workbook.xml.rels
2025-04-29 19:23:05 DEBUG PackageRelationshipCollection:307 - Parsing relationship: /xl/worksheets/_rels/sheet1.xml.rels
2025-04-29 19:23:05 DEBUG PackageRelationshipCollection:307 - Parsing relationship: /_rels/.rels
2025-04-29 19:23:05 DEBUG POIXMLFactory:65 - using default POIXMLDocumentPart for http://schemas.openxmlformats.org/officeDocument/2006/relationships/printerSettings
