2025-08-08 12:06:39 DEBUG PackageRelationshipCollection:307 - Parsing relationship: /_rels/.rels
2025-08-08 12:06:39 DEBUG PackageRelationshipCollection:307 - Parsing relationship: /xl/_rels/workbook.xml.rels
2025-08-08 12:06:39 DEBUG PackageRelationshipCollection:307 - Parsing relationship: /_rels/.rels
2025-08-08 12:06:39 DEBUG PackageRelationshipCollection:307 - Parsing relationship: /xl/_rels/workbook.xml.rels
2025-08-08 12:06:39 DEBUG PackageRelationshipCollection:307 - Parsing relationship: /_rels/.rels
2025-08-08 12:07:05 INFO  TC003_LoginDDT:43 - ****Starting TC003_LoginDDT****** 
2025-08-08 12:07:17 INFO  TC003_LoginDDT:43 - ****Starting TC003_LoginDDT****** 
2025-08-08 12:07:17 INFO  TC003_LoginDDT:43 - ****Starting TC003_LoginDDT****** 
2025-08-08 12:07:17 INFO  TC003_LoginDDT:43 - ****Starting TC003_LoginDDT****** 
2025-08-08 12:07:17 INFO  TC003_LoginDDT:43 - ****Starting TC003_LoginDDT****** 
2025-08-08 12:07:18 INFO  TC003_LoginDDT:97 - ****Finished TC003_LoginDDT****** 
2025-08-08 12:07:18 INFO  TC003_LoginDDT:97 - ****Finished TC003_LoginDDT****** 
2025-08-08 12:07:18 INFO  TC003_LoginDDT:97 - ****Finished TC003_LoginDDT****** 
2025-08-08 12:07:28 INFO  TC003_LoginDDT:97 - ****Finished TC003_LoginDDT****** 
2025-08-08 12:07:30 INFO  TC003_LoginDDT:57 - ****Checking validations****** 
2025-08-08 12:07:30 INFO  TC003_LoginDDT:97 - ****Finished TC003_LoginDDT****** 
2025-08-08 12:21:31 DEBUG TestNG:82 - suiteXmlPath: "D:\OpenCartHybridFramework\testng.xml"
2025-08-08 12:21:31 INFO  Utils:112 - [TestNG] Running:
  D:\OpenCartHybridFramework\testng.xml

2025-08-08 12:21:31 DEBUG PackageRelationshipCollection:307 - Parsing relationship: /xl/_rels/workbook.xml.rels
2025-08-08 12:21:31 DEBUG PackageRelationshipCollection:307 - Parsing relationship: /_rels/.rels
2025-08-08 12:21:31 DEBUG PackageRelationshipCollection:307 - Parsing relationship: /xl/_rels/workbook.xml.rels
2025-08-08 12:21:31 DEBUG PackageRelationshipCollection:307 - Parsing relationship: /_rels/.rels
2025-08-08 12:21:31 DEBUG PackageRelationshipCollection:307 - Parsing relationship: /xl/_rels/workbook.xml.rels
2025-08-08 12:21:31 DEBUG PackageRelationshipCollection:307 - Parsing relationship: /_rels/.rels
2025-08-08 12:21:31 DEBUG PackageRelationshipCollection:307 - Parsing relationship: /xl/_rels/workbook.xml.rels
2025-08-08 12:21:31 DEBUG PackageRelationshipCollection:307 - Parsing relationship: /_rels/.rels
2025-08-08 12:21:31 DEBUG PackageRelationshipCollection:307 - Parsing relationship: /xl/_rels/workbook.xml.rels
2025-08-08 12:21:31 DEBUG PackageRelationshipCollection:307 - Parsing relationship: /_rels/.rels
2025-08-08 12:21:31 DEBUG PackageRelationshipCollection:307 - Parsing relationship: /xl/_rels/workbook.xml.rels
2025-08-08 12:21:31 DEBUG PackageRelationshipCollection:307 - Parsing relationship: /_rels/.rels
2025-08-08 12:21:31 DEBUG PackageRelationshipCollection:307 - Parsing relationship: /xl/_rels/workbook.xml.rels
2025-08-08 12:21:31 DEBUG PackageRelationshipCollection:307 - Parsing relationship: /_rels/.rels
2025-08-08 12:21:31 DEBUG PackageRelationshipCollection:307 - Parsing relationship: /xl/_rels/workbook.xml.rels
2025-08-08 12:21:31 DEBUG PackageRelationshipCollection:307 - Parsing relationship: /_rels/.rels
2025-08-08 12:21:31 DEBUG PackageRelationshipCollection:307 - Parsing relationship: /xl/_rels/workbook.xml.rels
2025-08-08 12:21:31 DEBUG PackageRelationshipCollection:307 - Parsing relationship: /_rels/.rels
2025-08-08 12:21:31 DEBUG PackageRelationshipCollection:307 - Parsing relationship: /xl/_rels/workbook.xml.rels
2025-08-08 12:21:31 DEBUG PackageRelationshipCollection:307 - Parsing relationship: /_rels/.rels
2025-08-08 12:21:31 DEBUG PackageRelationshipCollection:307 - Parsing relationship: /xl/_rels/workbook.xml.rels
2025-08-08 12:21:31 DEBUG PackageRelationshipCollection:307 - Parsing relationship: /_rels/.rels
2025-08-08 12:21:31 DEBUG PackageRelationshipCollection:307 - Parsing relationship: /xl/_rels/workbook.xml.rels
2025-08-08 12:21:31 DEBUG PackageRelationshipCollection:307 - Parsing relationship: /_rels/.rels
2025-08-08 12:21:31 DEBUG PackageRelationshipCollection:307 - Parsing relationship: /xl/_rels/workbook.xml.rels
2025-08-08 12:21:31 DEBUG PackageRelationshipCollection:307 - Parsing relationship: /_rels/.rels
2025-08-08 12:21:31 DEBUG PackageRelationshipCollection:307 - Parsing relationship: /xl/_rels/workbook.xml.rels
2025-08-08 12:21:31 DEBUG PackageRelationshipCollection:307 - Parsing relationship: /_rels/.rels
2025-08-08 12:21:31 DEBUG PackageRelationshipCollection:307 - Parsing relationship: /xl/_rels/workbook.xml.rels
2025-08-08 12:21:31 DEBUG PackageRelationshipCollection:307 - Parsing relationship: /_rels/.rels
2025-08-08 12:21:31 DEBUG PackageRelationshipCollection:307 - Parsing relationship: /xl/_rels/workbook.xml.rels
2025-08-08 12:21:31 DEBUG PackageRelationshipCollection:307 - Parsing relationship: /_rels/.rels
2025-08-08 12:21:31 DEBUG PackageRelationshipCollection:307 - Parsing relationship: /xl/_rels/workbook.xml.rels
