2025-04-05 13:18:14 INFO  Utils:112 - [Utils] MethodGroupsHelper.sortMethods() took 0 ms.
2025-04-05 13:18:14 INFO  Utils:112 - [Utils] MethodGroupsHelper.collectMethodsByGroup() took 4 ms.
2025-04-05 13:18:14 INFO  Utils:112 - [Utils] MethodGroupsHelper.sortMethods() took 7 ms.
2025-04-05 13:18:14 INFO  Utils:112 - [Utils] MethodGroupsHelper.collectMethodsByGroup() took 0 ms.
2025-04-05 13:18:14 INFO  Utils:112 - [Utils] MethodGroupsHelper.sortMethods() took 0 ms.
2025-04-05 13:18:14 INFO  Utils:112 - [Utils] MethodGroupsHelper.collectMethodsByGroup() took 0 ms.
2025-04-05 13:18:14 INFO  Utils:112 - [Utils] MethodGroupsHelper.sortMethods() took 0 ms.
2025-04-05 13:18:14 INFO  Utils:112 - [Utils] MethodGroupsHelper.collectMethodsByGroup() took 0 ms.
2025-04-05 13:18:14 INFO  Utils:112 - [Utils] MethodGroupsHelper.sortMethods() took 0 ms.
2025-04-05 13:18:14 INFO  Utils:112 - [Utils] MethodGroupsHelper.collectMethodsByGroup() took 0 ms.
2025-04-05 13:18:14 INFO  Utils:112 - [Utils] MethodGroupsHelper.sortMethods() took 0 ms.
2025-04-05 13:18:14 INFO  Utils:112 - [Utils] MethodGroupsHelper.collectMethodsByGroup() took 0 ms.
2025-04-05 13:18:14 INFO  Utils:112 - [Utils] MethodGroupsHelper.sortMethods() took 0 ms.
2025-04-05 13:18:14 INFO  Utils:112 - [Utils] MethodGroupsHelper.collectMethodsByGroup() took 0 ms.
2025-04-05 13:18:14 INFO  Utils:112 - [Utils] MethodGroupsHelper.sortMethods() took 0 ms.
2025-04-05 13:18:14 INFO  Utils:112 - [Utils] MethodGroupsHelper.collectMethodsByGroup() took 0 ms.
2025-04-05 13:18:14 INFO  Utils:112 - [Utils] MethodGroupsHelper.sortMethods() took 0 ms.
2025-04-05 13:18:14 INFO  Utils:112 - [Utils] MethodGroupsHelper.collectMethodsByGroup() took 0 ms.
2025-04-05 13:18:14 INFO  Utils:112 - [Utils] MethodGroupsHelper.sortMethods() took 15 ms.
2025-04-05 13:18:14 INFO  Utils:112 - [Utils] MethodGroupsHelper.collectMethodsByGroup() took 0 ms.
2025-04-05 13:18:14 INFO  Utils:112 - [Utils] MethodGroupsHelper.sortMethods() took 0 ms.
2025-04-05 13:18:14 INFO  Utils:112 - [Utils] MethodGroupsHelper.collectMethodsByGroup() took 0 ms.
2025-04-05 13:18:14 INFO  Utils:112 - [Utils] MethodGroupsHelper.sortMethods() took 0 ms.
2025-04-05 13:18:14 INFO  Utils:112 - [TestNG] Running:
  D:\OpenCartHybridFramework\testng.xml

2025-04-05 13:18:14 INFO  Utils:112 - [Utils] DynamicGraphHelper.createDynamicGraph() took 0 ms.
2025-04-05 13:18:14 INFO  WebDriverManager:1219 - Using chromedriver 134.0.6998.165 (resolved driver for Chrome 134)
2025-04-05 13:18:14 INFO  WebDriverManager:1281 - Exporting webdriver.chrome.driver as C:\Users\User\.cache\selenium\chromedriver\win64\134.0.6998.165\chromedriver.exe
2025-04-05 13:18:18 INFO  TC003_LoginDDT:16 - ****Starting TC003_LoginDDT****** 
2025-04-05 13:18:29 INFO  TC003_LoginDDT:57 - ****Finished TC003_LoginDDT****** 
2025-04-05 13:18:29 INFO  TC003_LoginDDT:16 - ****Starting TC003_LoginDDT****** 
2025-04-05 13:18:32 INFO  TC003_LoginDDT:57 - ****Finished TC003_LoginDDT****** 
2025-04-05 13:18:32 INFO  TC003_LoginDDT:16 - ****Starting TC003_LoginDDT****** 
2025-04-05 13:18:34 INFO  TC003_LoginDDT:57 - ****Finished TC003_LoginDDT****** 
2025-04-05 13:18:34 INFO  TC003_LoginDDT:16 - ****Starting TC003_LoginDDT****** 
2025-04-05 13:18:46 INFO  TC003_LoginDDT:57 - ****Finished TC003_LoginDDT****** 
2025-04-05 13:18:46 INFO  TC003_LoginDDT:16 - ****Starting TC003_LoginDDT****** 
2025-04-05 13:18:48 INFO  TC003_LoginDDT:57 - ****Finished TC003_LoginDDT****** 
2025-04-05 13:18:48 INFO  Utils:112 - [TestNG] Time taken by org.testng.internal.ExitCodeListener@6f347d7: 0 ms
