2025-06-23 14:32:01 DEBUG PackageRelationshipCollection:307 - Parsing relationship: /_rels/.rels
2025-06-23 14:32:01 DEBUG PackageRelationshipCollection:307 - Parsing relationship: /xl/_rels/workbook.xml.rels
2025-06-23 14:32:01 DEBUG PackageRelationshipCollection:307 - Parsing relationship: /_rels/.rels
2025-06-23 14:32:01 DEBUG PackageRelationshipCollection:307 - Parsing relationship: /xl/_rels/workbook.xml.rels
2025-06-23 14:32:01 DEBUG PackageRelationshipCollection:307 - Parsing relationship: /_rels/.rels
2025-06-23 14:32:01 DEBUG PackageRelationshipCollection:307 - Parsing relationship: /xl/_rels/workbook.xml.rels
2025-06-23 14:32:01 DEBUG PackageRelationshipCollection:307 - Parsing relationship: /_rels/.rels
2025-06-23 14:32:01 DEBUG PackageRelationshipCollection:307 - Parsing relationship: /xl/_rels/workbook.xml.rels
2025-06-23 14:32:01 DEBUG PackageRelationshipCollection:307 - Parsing relationship: /_rels/.rels
2025-06-23 14:32:01 DEBUG PackageRelationshipCollection:307 - Parsing relationship: /xl/_rels/workbook.xml.rels
2025-06-23 14:32:01 DEBUG PackageRelationshipCollection:307 - Parsing relationship: /_rels/.rels
2025-06-23 14:32:01 DEBUG PackageRelationshipCollection:307 - Parsing relationship: /xl/_rels/workbook.xml.rels
2025-06-23 14:32:01 DEBUG PackageRelationshipCollection:307 - Parsing relationship: /_rels/.rels
2025-06-23 14:32:01 DEBUG PackageRelationshipCollection:307 - Parsing relationship: /xl/_rels/workbook.xml.rels
2025-06-23 14:32:01 DEBUG PackageRelationshipCollection:307 - Parsing relationship: /_rels/.rels
2025-06-23 14:32:02 DEBUG PackageRelationshipCollection:307 - Parsing relationship: /xl/_rels/workbook.xml.rels
2025-06-23 14:32:02 DEBUG PackageRelationshipCollection:307 - Parsing relationship: /_rels/.rels
2025-06-23 14:32:02 DEBUG PackageRelationshipCollection:307 - Parsing relationship: /xl/_rels/workbook.xml.rels
2025-06-23 14:32:02 DEBUG PackageRelationshipCollection:307 - Parsing relationship: /_rels/.rels
2025-06-23 14:32:02 DEBUG PackageRelationshipCollection:307 - Parsing relationship: /xl/_rels/workbook.xml.rels
2025-06-23 14:32:02 DEBUG PackageRelationshipCollection:307 - Parsing relationship: /_rels/.rels
2025-06-23 14:32:02 DEBUG PackageRelationshipCollection:307 - Parsing relationship: /xl/_rels/workbook.xml.rels
2025-06-23 14:32:02 DEBUG PackageRelationshipCollection:307 - Parsing relationship: /_rels/.rels
2025-06-23 14:32:02 DEBUG PackageRelationshipCollection:307 - Parsing relationship: /xl/_rels/workbook.xml.rels
2025-06-23 14:32:02 DEBUG PackageRelationshipCollection:307 - Parsing relationship: /_rels/.rels
2025-06-23 14:32:02 DEBUG PackageRelationshipCollection:307 - Parsing relationship: /xl/_rels/workbook.xml.rels
2025-06-23 14:32:02 DEBUG PackageRelationshipCollection:307 - Parsing relationship: /_rels/.rels
2025-06-23 14:32:02 INFO  TC003_LoginDDT:43 - ****Starting TC003_LoginDDT****** 
2025-06-23 14:32:09 INFO  TC003_LoginDDT:57 - ****Checking validations****** 
2025-06-23 14:32:09 INFO  TC003_LoginDDT:97 - ****Finished TC003_LoginDDT****** 
2025-06-23 14:32:09 INFO  TC003_LoginDDT:43 - ****Starting TC003_LoginDDT****** 
2025-06-23 14:32:10 INFO  TC003_LoginDDT:57 - ****Checking validations****** 
2025-06-23 14:32:11 INFO  TC003_LoginDDT:97 - ****Finished TC003_LoginDDT****** 
2025-06-23 14:32:11 INFO  TC003_LoginDDT:43 - ****Starting TC003_LoginDDT****** 
2025-06-23 14:32:12 INFO  TC003_LoginDDT:57 - ****Checking validations****** 
2025-06-23 14:32:13 INFO  TC003_LoginDDT:97 - ****Finished TC003_LoginDDT****** 
2025-06-23 14:32:13 INFO  TC003_LoginDDT:43 - ****Starting TC003_LoginDDT****** 
2025-06-23 14:32:13 INFO  TC003_LoginDDT:57 - ****Checking validations****** 
2025-06-23 14:32:13 INFO  TC003_LoginDDT:97 - ****Finished TC003_LoginDDT****** 
2025-06-23 14:32:13 INFO  TC003_LoginDDT:43 - ****Starting TC003_LoginDDT****** 
2025-06-23 14:32:14 INFO  TC003_LoginDDT:57 - ****Checking validations****** 
2025-06-23 14:32:15 INFO  TC003_LoginDDT:97 - ****Finished TC003_LoginDDT****** 
2025-06-23 14:32:15 INFO  TC003_LoginDDT:43 - ****Starting TC003_LoginDDT****** 
2025-06-23 14:32:16 INFO  TC003_LoginDDT:57 - ****Checking validations****** 
2025-06-23 14:32:17 INFO  TC003_LoginDDT:97 - ****Finished TC003_LoginDDT****** 
2025-06-23 14:32:17 INFO  TC003_LoginDDT:43 - ****Starting TC003_LoginDDT****** 
2025-06-23 14:32:24 INFO  TC003_LoginDDT:57 - ****Checking validations****** 
2025-06-23 14:32:24 INFO  TC003_LoginDDT:97 - ****Finished TC003_LoginDDT****** 
2025-06-23 14:32:24 INFO  TC003_LoginDDT:43 - ****Starting TC003_LoginDDT****** 
2025-06-23 14:32:26 INFO  TC003_LoginDDT:57 - ****Checking validations****** 
2025-06-23 14:32:26 INFO  TC003_LoginDDT:97 - ****Finished TC003_LoginDDT****** 
2025-06-23 14:32:27 INFO  TC003_LoginDDT:57 - ****Checking validations****** 
2025-06-23 14:32:27 INFO  TC003_LoginDDT:97 - ****Finished TC003_LoginDDT****** 
2025-06-23 14:32:28 INFO  TC003_LoginDDT:43 - ****Starting TC003_LoginDDT****** 
